<?xml version="1.0" encoding="UTF-8"?>
<!-- Generated by org.testng.reporters.JUnitReportReporter -->
<testsuite skipped="0" hostname="Angies" name="suite.AAA_Test" tests="1" failures="0" timestamp="01 May 2019 00:03:13 GMT" time="61.831" errors="0">
  <testcase name="exec" time="61.831" classname="suite.AAA_Test"/>
</testsuite> <!-- suite.AAA_Test -->
