<?xml version="1.0" encoding="UTF-8"?>
<!-- Generated by org.testng.reporters.JUnitReportReporter -->
<testsuite skipped="0" hostname="Angies" name="suite.CBTTest" tests="1" failures="0" timestamp="05 Apr 2019 23:53:21 GMT" time="15.143" errors="0">
  <testcase name="testToDo" time="15.143" classname="suite.CBTTest"/>
</testsuite> <!-- suite.CBTTest -->
