<?xml version="1.0" encoding="UTF-8"?>
<!-- Generated by org.testng.reporters.JUnitReportReporter -->
<testsuite skipped="0" hostname="Angies" name="suite.CBT_R_R_Template_Test" tests="1" failures="0" timestamp="22 Apr 2019 22:01:23 GMT" time="1.089" errors="0">
  <testcase name="exec" time="1.089" classname="suite.CBT_R_R_Template_Test"/>
</testsuite> <!-- suite.CBT_R_R_Template_Test -->
