<?xml version="1.0" encoding="UTF-8"?>
<!-- Generated by org.testng.reporters.JUnitReportReporter -->
<testsuite skipped="0" hostname="Angies" name="suite.CBT_R_R_Template_Suite_Start_Test" tests="1" failures="0" timestamp="25 Apr 2019 23:56:01 GMT" time="0.949" errors="0">
  <testcase name="exec" time="0.949" classname="suite.CBT_R_R_Template_Suite_Start_Test"/>
</testsuite> <!-- suite.CBT_R_R_Template_Suite_Start_Test -->
