<?xml version="1.0" encoding="UTF-8"?>
<!-- Generated by org.testng.reporters.JUnitReportReporter -->
<testsuite skipped="0" hostname="Angies" name="suite.WyTest" tests="1" failures="0" timestamp="28 Mar 2019 04:53:06 GMT" time="17.314" errors="0">
  <testcase name="Fox" time="17.314" classname="suite.WyTest"/>
</testsuite> <!-- suite.WyTest -->
