<?xml version="1.0" encoding="UTF-8"?>
<!-- Generated by org.testng.reporters.JUnitReportReporter -->
<testsuite skipped="0" hostname="Angies" name="suite.nowayTest" tests="1" failures="0" timestamp="28 Mar 2019 05:37:09 GMT" time="0.028" errors="0">
  <testcase name="hello" time="0.028" classname="suite.nowayTest"/>
</testsuite> <!-- suite.nowayTest -->
