<?xml version="1.0" encoding="UTF-8"?>
<!-- Generated by org.testng.reporters.JUnitReportReporter -->
<testsuite skipped="0" hostname="Angies" name="suite.UAT_Filter_Slider_Test" tests="1" failures="0" timestamp="04 Apr 2019 23:04:58 GMT" time="34.256" errors="0">
  <testcase name="Desktop" time="34.256" classname="suite.UAT_Filter_Slider_Test"/>
</testsuite> <!-- suite.UAT_Filter_Slider_Test -->
