<?xml version="1.0" encoding="UTF-8"?>
<!-- Generated by org.testng.reporters.JUnitReportReporter -->
<testsuite skipped="0" hostname="Angies" name="suite.SeleniumTest" tests="1" failures="0" timestamp="28 Mar 2019 06:18:29 GMT" time="15.940" errors="0">
  <testcase name="Fox" time="15.940" classname="suite.SeleniumTest"/>
</testsuite> <!-- suite.SeleniumTest -->
