<?xml version="1.0" encoding="UTF-8"?>
<!-- Generated by org.testng.reporters.JUnitReportReporter -->
<testsuite skipped="0" hostname="Angies" name="suite.UAT_Sign_Up_Pass_Test" tests="1" failures="0" timestamp="08 Apr 2019 19:50:24 GMT" time="16.938" errors="0">
  <testcase name="testToDo" time="16.938" classname="suite.UAT_Sign_Up_Pass_Test"/>
</testsuite> <!-- suite.UAT_Sign_Up_Pass_Test -->
